0 info it worked if it ends with ok
1 verbose cli [ '/Users/aduvillier/.nvm/versions/node/v0.12.3/bin/node',
1 verbose cli   '/Users/aduvillier/.nvm/versions/node/v0.12.3/bin/npm',
1 verbose cli   'install' ]
2 info using npm@2.9.1
3 info using node@v0.12.3
4 verbose readDependencies loading dependencies from /Users/aduvillier/Documents/projects/tetra-ui-bootstrap/package.json
5 warn package.json tetra-ui-bootstrap@0.0.0 No description
6 warn package.json tetra-ui-bootstrap@0.0.0 No repository field.
7 warn package.json tetra-ui-bootstrap@0.0.0 No README data
8 verbose install where, deps [ '/Users/aduvillier/Documents/projects/tetra-ui-bootstrap',
8 verbose install   [ 'browser-sync',
8 verbose install     'gulp',
8 verbose install     'main-bower-files',
8 verbose install     'gulp-cache',
8 verbose install     'gulp-clean',
8 verbose install     'gulp-csso',
8 verbose install     'gulp-filter',
8 verbose install     'gulp-flatten',
8 verbose install     'gulp-jshint',
8 verbose install     'gulp-load-plugins',
8 verbose install     'gulp-notify',
8 verbose install     'gulp-plumber',
8 verbose install     'gulp-sass',
8 verbose install     'gulp-uglify',
8 verbose install     'gulp-size',
8 verbose install     'gulp-useref',
8 verbose install     'gulp-util',
8 verbose install     'jshint-stylish',
8 verbose install     'opn',
8 verbose install     'wiredep',
8 verbose install     'gulp-autoprefixer',
8 verbose install     'gulp-imagemin',
8 verbose install     'streamqueue' ] ]
9 verbose install where, peers [ '/Users/aduvillier/Documents/projects/tetra-ui-bootstrap',
9 verbose install   [] ]
10 verbose installManyTop reading for lifecycle /Users/aduvillier/Documents/projects/tetra-ui-bootstrap/package.json
11 info preinstall tetra-ui-bootstrap@0.0.0
12 verbose installManyTop reading scoped package data from /Users/aduvillier/Documents/projects/tetra-ui-bootstrap/node_modules/browser-sync/package.json
13 verbose installManyTop reading scoped package data from /Users/aduvillier/Documents/projects/tetra-ui-bootstrap/node_modules/gulp/package.json
14 verbose installManyTop reading scoped package data from /Users/aduvillier/Documents/projects/tetra-ui-bootstrap/node_modules/gulp-autoprefixer/package.json
15 verbose installManyTop reading scoped package data from /Users/aduvillier/Documents/projects/tetra-ui-bootstrap/node_modules/gulp-bower-files/package.json
16 verbose installManyTop reading scoped package data from /Users/aduvillier/Documents/projects/tetra-ui-bootstrap/node_modules/gulp-cache/package.json
17 verbose installManyTop reading scoped package data from /Users/aduvillier/Documents/projects/tetra-ui-bootstrap/node_modules/gulp-clean/package.json
18 verbose installManyTop reading scoped package data from /Users/aduvillier/Documents/projects/tetra-ui-bootstrap/node_modules/gulp-csso/package.json
19 verbose installManyTop reading scoped package data from /Users/aduvillier/Documents/projects/tetra-ui-bootstrap/node_modules/gulp-filter/package.json
20 verbose installManyTop reading scoped package data from /Users/aduvillier/Documents/projects/tetra-ui-bootstrap/node_modules/gulp-flatten/package.json
21 verbose installManyTop reading scoped package data from /Users/aduvillier/Documents/projects/tetra-ui-bootstrap/node_modules/gulp-imagemin/package.json
22 verbose installManyTop reading scoped package data from /Users/aduvillier/Documents/projects/tetra-ui-bootstrap/node_modules/gulp-jshint/package.json
23 verbose installManyTop reading scoped package data from /Users/aduvillier/Documents/projects/tetra-ui-bootstrap/node_modules/gulp-load-plugins/package.json
24 verbose installManyTop reading scoped package data from /Users/aduvillier/Documents/projects/tetra-ui-bootstrap/node_modules/gulp-notify/package.json
25 verbose installManyTop reading scoped package data from /Users/aduvillier/Documents/projects/tetra-ui-bootstrap/node_modules/gulp-plumber/package.json
26 verbose installManyTop reading scoped package data from /Users/aduvillier/Documents/projects/tetra-ui-bootstrap/node_modules/gulp-sass/package.json
27 verbose installManyTop reading scoped package data from /Users/aduvillier/Documents/projects/tetra-ui-bootstrap/node_modules/gulp-size/package.json
28 verbose installManyTop reading scoped package data from /Users/aduvillier/Documents/projects/tetra-ui-bootstrap/node_modules/gulp-uglify/package.json
29 verbose installManyTop reading scoped package data from /Users/aduvillier/Documents/projects/tetra-ui-bootstrap/node_modules/gulp-useref/package.json
30 verbose installManyTop reading scoped package data from /Users/aduvillier/Documents/projects/tetra-ui-bootstrap/node_modules/gulp-util/package.json
31 verbose installManyTop reading scoped package data from /Users/aduvillier/Documents/projects/tetra-ui-bootstrap/node_modules/jshint-stylish/package.json
32 verbose installManyTop reading scoped package data from /Users/aduvillier/Documents/projects/tetra-ui-bootstrap/node_modules/opn/package.json
33 verbose installManyTop reading scoped package data from /Users/aduvillier/Documents/projects/tetra-ui-bootstrap/node_modules/streamqueue/package.json
34 verbose installManyTop reading scoped package data from /Users/aduvillier/Documents/projects/tetra-ui-bootstrap/node_modules/wiredep/package.json
35 verbose readDependencies loading dependencies from /Users/aduvillier/Documents/projects/tetra-ui-bootstrap/package.json
36 verbose targetResolver reading package data from /Users/aduvillier/Documents/projects/tetra-ui-bootstrap/node_modules/browser-sync/package.json
37 verbose targetResolver reading package data from /Users/aduvillier/Documents/projects/tetra-ui-bootstrap/node_modules/gulp/package.json
38 verbose targetResolver reading package data from /Users/aduvillier/Documents/projects/tetra-ui-bootstrap/node_modules/gulp-autoprefixer/package.json
39 verbose targetResolver reading package data from /Users/aduvillier/Documents/projects/tetra-ui-bootstrap/node_modules/gulp-bower-files/package.json
40 verbose targetResolver reading package data from /Users/aduvillier/Documents/projects/tetra-ui-bootstrap/node_modules/gulp-cache/package.json
41 verbose targetResolver reading package data from /Users/aduvillier/Documents/projects/tetra-ui-bootstrap/node_modules/gulp-clean/package.json
42 verbose targetResolver reading package data from /Users/aduvillier/Documents/projects/tetra-ui-bootstrap/node_modules/gulp-csso/package.json
43 verbose targetResolver reading package data from /Users/aduvillier/Documents/projects/tetra-ui-bootstrap/node_modules/gulp-filter/package.json
44 verbose targetResolver reading package data from /Users/aduvillier/Documents/projects/tetra-ui-bootstrap/node_modules/gulp-flatten/package.json
45 verbose targetResolver reading package data from /Users/aduvillier/Documents/projects/tetra-ui-bootstrap/node_modules/gulp-imagemin/package.json
46 verbose targetResolver reading package data from /Users/aduvillier/Documents/projects/tetra-ui-bootstrap/node_modules/gulp-jshint/package.json
47 verbose targetResolver reading package data from /Users/aduvillier/Documents/projects/tetra-ui-bootstrap/node_modules/gulp-load-plugins/package.json
48 verbose targetResolver reading package data from /Users/aduvillier/Documents/projects/tetra-ui-bootstrap/node_modules/gulp-notify/package.json
49 verbose targetResolver reading package data from /Users/aduvillier/Documents/projects/tetra-ui-bootstrap/node_modules/gulp-plumber/package.json
50 verbose targetResolver reading package data from /Users/aduvillier/Documents/projects/tetra-ui-bootstrap/node_modules/gulp-sass/package.json
51 verbose targetResolver reading package data from /Users/aduvillier/Documents/projects/tetra-ui-bootstrap/node_modules/gulp-size/package.json
52 verbose targetResolver reading package data from /Users/aduvillier/Documents/projects/tetra-ui-bootstrap/node_modules/gulp-uglify/package.json
53 verbose targetResolver reading package data from /Users/aduvillier/Documents/projects/tetra-ui-bootstrap/node_modules/gulp-useref/package.json
54 verbose targetResolver reading package data from /Users/aduvillier/Documents/projects/tetra-ui-bootstrap/node_modules/gulp-util/package.json
55 verbose targetResolver reading package data from /Users/aduvillier/Documents/projects/tetra-ui-bootstrap/node_modules/jshint-stylish/package.json
56 verbose targetResolver reading package data from /Users/aduvillier/Documents/projects/tetra-ui-bootstrap/node_modules/opn/package.json
57 verbose targetResolver reading package data from /Users/aduvillier/Documents/projects/tetra-ui-bootstrap/node_modules/streamqueue/package.json
58 verbose targetResolver reading package data from /Users/aduvillier/Documents/projects/tetra-ui-bootstrap/node_modules/wiredep/package.json
59 verbose targetResolver reading package data from /Users/aduvillier/Documents/projects/tetra-ui-bootstrap/node_modules/.bin/browser-sync/package.json
60 verbose targetResolver reading package data from /Users/aduvillier/Documents/projects/tetra-ui-bootstrap/node_modules/.bin/gulp/package.json
61 verbose targetResolver reading package data from /Users/aduvillier/Documents/projects/tetra-ui-bootstrap/node_modules/.bin/opn/package.json
62 verbose targetResolver reading package data from /Users/aduvillier/Documents/projects/tetra-ui-bootstrap/node_modules/.bin/wiredep/package.json
63 verbose already installed skipping gulp-jshint@^1.6.1 /Users/aduvillier/Documents/projects/tetra-ui-bootstrap
64 verbose already installed skipping gulp-load-plugins@^0.5.1 /Users/aduvillier/Documents/projects/tetra-ui-bootstrap
65 verbose already installed skipping gulp-notify@^1.2.6 /Users/aduvillier/Documents/projects/tetra-ui-bootstrap
66 verbose already installed skipping gulp-plumber@^0.6.1 /Users/aduvillier/Documents/projects/tetra-ui-bootstrap
67 verbose already installed skipping gulp-sass@^0.7.1 /Users/aduvillier/Documents/projects/tetra-ui-bootstrap
68 verbose already installed skipping gulp-uglify@^0.3.0 /Users/aduvillier/Documents/projects/tetra-ui-bootstrap
69 verbose already installed skipping gulp-size@^0.3.1 /Users/aduvillier/Documents/projects/tetra-ui-bootstrap
70 verbose already installed skipping gulp-useref@^0.4.3 /Users/aduvillier/Documents/projects/tetra-ui-bootstrap
71 verbose already installed skipping gulp-util@^2.2.14 /Users/aduvillier/Documents/projects/tetra-ui-bootstrap
72 verbose already installed skipping jshint-stylish@^0.2.0 /Users/aduvillier/Documents/projects/tetra-ui-bootstrap
73 verbose already installed skipping opn@^0.1.2 /Users/aduvillier/Documents/projects/tetra-ui-bootstrap
74 verbose already installed skipping wiredep@^1.7.0 /Users/aduvillier/Documents/projects/tetra-ui-bootstrap
75 verbose already installed skipping gulp-autoprefixer@^0.0.7 /Users/aduvillier/Documents/projects/tetra-ui-bootstrap
76 verbose already installed skipping gulp-imagemin@^0.5.0 /Users/aduvillier/Documents/projects/tetra-ui-bootstrap
77 verbose already installed skipping streamqueue@^0.1.0 /Users/aduvillier/Documents/projects/tetra-ui-bootstrap
78 verbose already installed skipping browser-sync@~2.7.7 /Users/aduvillier/Documents/projects/tetra-ui-bootstrap
79 verbose already installed skipping gulp@^3.6.2 /Users/aduvillier/Documents/projects/tetra-ui-bootstrap
80 silly cache add args [ 'main-bower-files@~2.8.3', null ]
81 verbose cache add spec main-bower-files@~2.8.3
82 silly cache add parsed spec { raw: 'main-bower-files@~2.8.3',
82 silly cache add   scope: null,
82 silly cache add   name: 'main-bower-files',
82 silly cache add   rawSpec: '~2.8.3',
82 silly cache add   spec: '>=2.8.3 <2.9.0',
82 silly cache add   type: 'range' }
83 silly addNamed main-bower-files@>=2.8.3 <2.9.0
84 verbose addNamed ">=2.8.3 <2.9.0" is a valid semver range for main-bower-files
85 silly addNameRange { name: 'main-bower-files',
85 silly addNameRange   range: '>=2.8.3 <2.9.0',
85 silly addNameRange   hasData: false }
86 silly mapToRegistry name main-bower-files
87 silly mapToRegistry using default registry
88 silly mapToRegistry registry https://registry.npmjs.org/
89 silly mapToRegistry uri https://registry.npmjs.org/main-bower-files
90 verbose addNameRange registry:https://registry.npmjs.org/main-bower-files not in flight; fetching
91 verbose already installed skipping gulp-cache@^0.1.11 /Users/aduvillier/Documents/projects/tetra-ui-bootstrap
92 verbose already installed skipping gulp-clean@^0.2.4 /Users/aduvillier/Documents/projects/tetra-ui-bootstrap
93 verbose already installed skipping gulp-csso@^0.2.8 /Users/aduvillier/Documents/projects/tetra-ui-bootstrap
94 verbose already installed skipping gulp-filter@^0.4.1 /Users/aduvillier/Documents/projects/tetra-ui-bootstrap
95 verbose already installed skipping gulp-flatten@^0.0.2 /Users/aduvillier/Documents/projects/tetra-ui-bootstrap
96 verbose request uri https://registry.npmjs.org/main-bower-files
97 verbose request no auth needed
98 info attempt registry request try #1 at 11:37:09 AM
99 verbose request id 2abc7d24ffa1746b
100 http request GET https://registry.npmjs.org/main-bower-files
101 http 200 https://registry.npmjs.org/main-bower-files
102 silly get cb [ 200,
102 silly get   { server: 'CouchDB/1.5.0 (Erlang OTP/R16B03)',
102 silly get     etag: '"C9QDSVYH9ORNYNGWIYZXC5VXC"',
102 silly get     'content-type': 'application/json',
102 silly get     'cache-control': 'max-age=60',
102 silly get     'content-length': '29328',
102 silly get     'accept-ranges': 'bytes',
102 silly get     date: 'Fri, 12 Jun 2015 18:37:09 GMT',
102 silly get     via: '1.1 varnish',
102 silly get     age: '47',
102 silly get     connection: 'keep-alive',
102 silly get     'x-served-by': 'cache-sjc3130-SJC',
102 silly get     'x-cache': 'HIT',
102 silly get     'x-cache-hits': '1',
102 silly get     'x-timer': 'S1434134229.197590,VS0,VE0',
102 silly get     vary: 'Accept' } ]
103 verbose get saving main-bower-files to /Users/aduvillier/.npm/registry.npmjs.org/main-bower-files/.cache.json
104 silly addNameRange number 2 { name: 'main-bower-files',
104 silly addNameRange   range: '>=2.8.3 <2.9.0',
104 silly addNameRange   hasData: true }
105 silly addNameRange versions [ 'main-bower-files',
105 silly addNameRange   [ '0.0.0',
105 silly addNameRange     '1.0.0',
105 silly addNameRange     '1.0.1',
105 silly addNameRange     '1.0.2',
105 silly addNameRange     '1.0.3',
105 silly addNameRange     '2.0.0',
105 silly addNameRange     '2.1.0',
105 silly addNameRange     '2.2.0',
105 silly addNameRange     '2.3.0',
105 silly addNameRange     '2.4.0',
105 silly addNameRange     '2.4.1',
105 silly addNameRange     '2.4.2',
105 silly addNameRange     '2.5.0',
105 silly addNameRange     '2.6.1',
105 silly addNameRange     '2.6.2',
105 silly addNameRange     '2.7.0',
105 silly addNameRange     '2.7.1',
105 silly addNameRange     '2.8.0' ] ]
106 verbose stack Error: No compatible version found: main-bower-files@'>=2.8.3 <2.9.0'
106 verbose stack Valid install targets:
106 verbose stack ["0.0.0","1.0.0","1.0.1","1.0.2","1.0.3","2.0.0","2.1.0","2.2.0","2.3.0","2.4.0","2.4.1","2.4.2","2.5.0","2.6.1","2.6.2","2.7.0","2.7.1","2.8.0"]
106 verbose stack
106 verbose stack     at installTargetsError (/Users/aduvillier/.nvm/versions/node/v0.12.3/lib/node_modules/npm/lib/cache/add-named.js:262:12)
106 verbose stack     at next (/Users/aduvillier/.nvm/versions/node/v0.12.3/lib/node_modules/npm/lib/cache/add-named.js:241:17)
106 verbose stack     at setData (/Users/aduvillier/.nvm/versions/node/v0.12.3/lib/node_modules/npm/lib/cache/add-named.js:218:5)
106 verbose stack     at RES (/Users/aduvillier/.nvm/versions/node/v0.12.3/lib/node_modules/npm/node_modules/inflight/inflight.js:23:14)
106 verbose stack     at f (/Users/aduvillier/.nvm/versions/node/v0.12.3/lib/node_modules/npm/node_modules/once/once.js:17:25)
106 verbose stack     at saved (/Users/aduvillier/.nvm/versions/node/v0.12.3/lib/node_modules/npm/lib/cache/caching-client.js:173:7)
106 verbose stack     at FSReqWrap.oncomplete (fs.js:95:15)
107 verbose cwd /Users/aduvillier/Documents/projects/tetra-ui-bootstrap
108 error Darwin 13.4.0
109 error argv "/Users/aduvillier/.nvm/versions/node/v0.12.3/bin/node" "/Users/aduvillier/.nvm/versions/node/v0.12.3/bin/npm" "install"
110 error node v0.12.3
111 error npm  v2.9.1
112 error code ETARGET
113 error notarget No compatible version found: main-bower-files@'>=2.8.3 <2.9.0'
113 error notarget Valid install targets:
113 error notarget ["0.0.0","1.0.0","1.0.1","1.0.2","1.0.3","2.0.0","2.1.0","2.2.0","2.3.0","2.4.0","2.4.1","2.4.2","2.5.0","2.6.1","2.6.2","2.7.0","2.7.1","2.8.0"]
113 error notarget
113 error notarget This is most likely not a problem with npm itself.
113 error notarget In most cases you or one of your dependencies are requesting
113 error notarget a package version that doesn't exist.
113 error notarget
113 error notarget It was specified as a dependency of 'tetra-ui-bootstrap'
114 verbose exit [ 1, true ]
